	Adding nVidia Cuda Toolkit 11.3
	Adding nVidia cuDNN 8.2 (.1.32)
gpu devices: 1,3
topic model and predictions generated
Traceback (most recent call last):
  File "/home/s1721380/researchTopics/src/ranking/sentence_ranking.py", line 12, in rank_reviews
    with open(results_path, 'rb') as rankings_file:
FileNotFoundError: [Errno 2] No such file or directory: './results/amazon/rankings'

During handling of the above exception, another exception occurred:

Traceback (most recent call last):
  File "main.py", line 32, in <module>
    rankings_per_product = rank_reviews(results_path=rankings_path, reviews_path=reviews_path, topic_model=topic_model, all_reviews_predictions=predictions[1], w2v=w2v)
  File "/home/s1721380/researchTopics/src/ranking/sentence_ranking.py", line 26, in rank_reviews
    average_sents, _ = get_avg_sents(review_texts, topic_model.get_topic_info().drop([0]).reset_index(), predictions, nr_topics)
  File "/home/s1721380/researchTopics/src/ranking/helpers.py", line 6, in get_avg_sents
    sia = SentimentIntensityAnalyzer()
  File "/home/s1721380/.conda/envs/researchTopics/lib/python3.8/site-packages/nltk/sentiment/vader.py", line 340, in __init__
    self.lexicon_file = nltk.data.load(lexicon_file)
  File "/home/s1721380/.conda/envs/researchTopics/lib/python3.8/site-packages/nltk/data.py", line 750, in load
    opened_resource = _open(resource_url)
  File "/home/s1721380/.conda/envs/researchTopics/lib/python3.8/site-packages/nltk/data.py", line 876, in _open
    return find(path_, path + [""]).open()
  File "/home/s1721380/.conda/envs/researchTopics/lib/python3.8/site-packages/nltk/data.py", line 583, in find
    raise LookupError(resource_not_found)
LookupError: 
**********************************************************************
  Resource [93mvader_lexicon[0m not found.
  Please use the NLTK Downloader to obtain the resource:

  [31m>>> import nltk
  >>> nltk.download('vader_lexicon')
  [0m
  For more information see: https://www.nltk.org/data.html

  Attempted to load [93msentiment/vader_lexicon.zip/vader_lexicon/vader_lexicon.txt[0m

  Searched in:
    - '/home/s1721380/nltk_data'
    - '/home/s1721380/.conda/envs/researchTopics/nltk_data'
    - '/home/s1721380/.conda/envs/researchTopics/share/nltk_data'
    - '/home/s1721380/.conda/envs/researchTopics/lib/nltk_data'
    - '/usr/share/nltk_data'
    - '/usr/local/share/nltk_data'
    - '/usr/lib/nltk_data'
    - '/usr/local/lib/nltk_data'
    - ''
**********************************************************************

